2026-03-28 23:51:47 0 [Note] Starting MariaDB 10.4.32-MariaDB source revision c4143f909528e3fab0677a28631d10389354c491 as process 17936
2026-03-28 23:51:47 0 [Note] InnoDB: The first innodb_system data file 'ibdata1' did not exist. A new tablespace will be created!
2026-03-28 23:51:47 0 [Note] InnoDB: Mutexes and rw_locks use Windows interlocked functions
2026-03-28 23:51:47 0 [Note] InnoDB: Uses event mutexes
2026-03-28 23:51:47 0 [Note] InnoDB: Compressed tables use zlib 1.3
2026-03-28 23:51:47 0 [Note] InnoDB: Number of pools: 1
2026-03-28 23:51:47 0 [Note] InnoDB: Using SSE2 crc32 instructions
2026-03-28 23:51:47 0 [Note] InnoDB: Initializing buffer pool, total size = 128M, instances = 1, chunk size = 128M
2026-03-28 23:51:47 0 [Note] InnoDB: Completed initialization of buffer pool
2026-03-28 23:51:47 0 [Note] InnoDB: Setting file '.\ibdata1' size to 12 MB. Physically writing the file full; Please wait ...
2026-03-28 23:51:47 0 [Note] InnoDB: File '.\ibdata1' size is now 12 MB.
2026-03-28 23:51:47 0 [Note] InnoDB: Setting log file .\ib_logfile101 size to 50331648 bytes
2026-03-28 23:51:47 0 [Note] InnoDB: Setting log file .\ib_logfile1 size to 50331648 bytes
2026-03-28 23:51:47 0 [Note] InnoDB: Renaming log file .\ib_logfile101 to .\ib_logfile0
2026-03-28 23:51:47 0 [Note] InnoDB: New log files created, LSN=11451
2026-03-28 23:51:47 0 [Note] InnoDB: Doublewrite buffer not found: creating new
2026-03-28 23:51:47 0 [Note] InnoDB: Doublewrite buffer created
2026-03-28 23:51:47 0 [Note] InnoDB: 128 out of 128 rollback segments are active.
2026-03-28 23:51:47 0 [Note] InnoDB: Creating foreign key constraint system tables.
2026-03-28 23:51:47 0 [Note] InnoDB: Creating tablespace and datafile system tables.
2026-03-28 23:51:47 0 [Note] InnoDB: Creating sys_virtual system tables.
2026-03-28 23:51:47 0 [Note] InnoDB: Creating shared tablespace for temporary tables
2026-03-28 23:51:47 0 [Note] InnoDB: Setting file '.\ibtmp1' size to 12 MB. Physically writing the file full; Please wait ...
2026-03-28 23:51:47 0 [Note] InnoDB: File '.\ibtmp1' size is now 12 MB.
2026-03-28 23:51:47 0 [Note] InnoDB: Waiting for purge to start
2026-03-28 23:51:47 0 [Note] InnoDB: 10.4.32 started; log sequence number 0; transaction id 7
2026-03-28 23:51:47 0 [Note] Plugin 'FEEDBACK' is disabled.
2026-03-28 23:51:54 0 [Note] Starting MariaDB 10.4.32-MariaDB source revision c4143f909528e3fab0677a28631d10389354c491 as process 19368
2026-03-28 23:51:54 0 [Note] InnoDB: Mutexes and rw_locks use Windows interlocked functions
2026-03-28 23:51:54 0 [Note] InnoDB: Uses event mutexes
2026-03-28 23:51:54 0 [Note] InnoDB: Compressed tables use zlib 1.3
2026-03-28 23:51:54 0 [Note] InnoDB: Number of pools: 1
2026-03-28 23:51:54 0 [Note] InnoDB: Using SSE2 crc32 instructions
2026-03-28 23:51:54 0 [Note] InnoDB: Initializing buffer pool, total size = 128M, instances = 1, chunk size = 128M
2026-03-28 23:51:54 0 [Note] InnoDB: Completed initialization of buffer pool
2026-03-28 23:51:54 0 [Note] InnoDB: 128 out of 128 rollback segments are active.
2026-03-28 23:51:54 0 [Note] InnoDB: Creating shared tablespace for temporary tables
2026-03-28 23:51:54 0 [Note] InnoDB: Setting file '.\ibtmp1' size to 12 MB. Physically writing the file full; Please wait ...
2026-03-28 23:51:54 0 [Note] InnoDB: File '.\ibtmp1' size is now 12 MB.
2026-03-28 23:51:54 0 [Note] InnoDB: Waiting for purge to start
2026-03-28 23:51:54 0 [Note] InnoDB: 10.4.32 started; log sequence number 60943; transaction id 20
2026-03-28 23:51:54 0 [Note] InnoDB: Loading buffer pool(s) from c:\xampp\htdocs\project\amen-bank\.mysql-data\ib_buffer_pool
2026-03-28 23:51:54 0 [Note] Plugin 'FEEDBACK' is disabled.
2026-03-28 23:51:54 0 [Note] Server socket created on IP: '127.0.0.1'.
2026-03-28 23:51:54 0 [Note] InnoDB: Buffer pool(s) load completed at 260328 23:51:54
2026-03-28 23:51:54 0 [Note] Reading of all Master_info entries succeeded
2026-03-28 23:51:54 0 [Note] Added new Master_info '' to hash table
2026-03-28 23:51:54 0 [Note] C:\xampp\mysql\bin\mysqld.exe: ready for connections.
Version: '10.4.32-MariaDB'  socket: ''  port: 3307  mariadb.org binary distribution
2026-03-29  0:11:28 36 [Warning] Aborted connection 36 to db: 'unconnected' user: 'unauthenticated' host: 'localhost' (This connection closed normally without authentication)
2026-03-29  0:11:29 37 [Warning] Aborted connection 37 to db: 'unconnected' user: 'unauthenticated' host: 'localhost' (This connection closed normally without authentication)
2026-03-29  0:11:34 38 [Warning] Aborted connection 38 to db: 'unconnected' user: 'unauthenticated' host: 'localhost' (This connection closed normally without authentication)
2026-03-29  0:11:39 39 [Warning] Aborted connection 39 to db: 'unconnected' user: 'unauthenticated' host: 'localhost' (Got an error reading communication packets)
2026-03-29  0:11:39 39 [Warning] Aborted connection 39 to db: 'unconnected' user: 'unauthenticated' host: 'localhost' (This connection closed normally without authentication)
2026-03-29  0:11:44 40 [Warning] Aborted connection 40 to db: 'unconnected' user: 'unauthenticated' host: 'localhost' (Got an error reading communication packets)
2026-03-29  0:11:44 40 [Warning] Aborted connection 40 to db: 'unconnected' user: 'unauthenticated' host: 'localhost' (This connection closed normally without authentication)
